<?xml version="1.0" encoding="utf-8"?><testsuites name="pytest tests"><testsuite name="pytest" errors="0" failures="1" skipped="0" tests="18" time="299.579" timestamp="2026-02-03T23:37:07.016667+00:00" hostname="agent-env-9128547a-d49e-4400-a33b-bd209d5c5855"><testcase classname="tests.test_ai_tabs_integration.TestAISummaryEndpoint" name="test_ai_summary_returns_200" time="4.850" /><testcase classname="tests.test_ai_tabs_integration.TestAISummaryEndpoint" name="test_ai_summary_has_overview_data" time="4.546" /><testcase classname="tests.test_ai_tabs_integration.TestAISummaryEndpoint" name="test_ai_summary_has_top_trading_countries" time="4.739" /><testcase classname="tests.test_ai_tabs_integration.TestAISummaryEndpoint" name="test_ai_summary_has_top_sectors" time="4.526" /><testcase classname="tests.test_ai_tabs_integration.TestAISummaryEndpoint" name="test_ai_summary_has_generated_by_marker" time="4.694" /><testcase classname="tests.test_ai_tabs_integration.TestAIValueChainsEndpoint" name="test_value_chains_returns_200" time="17.461" /><testcase classname="tests.test_ai_tabs_integration.TestAIValueChainsEndpoint" name="test_value_chains_has_6_sectors" time="48.652" /><testcase classname="tests.test_ai_tabs_integration.TestAIValueChainsEndpoint" name="test_value_chains_has_required_structure" time="18.096" /><testcase classname="tests.test_ai_tabs_integration.TestAIValueChainsEndpoint" name="test_value_chains_specific_sector" time="5.637" /><testcase classname="tests.test_ai_tabs_integration.TestAIValueChainsEndpoint" name="test_value_chains_has_ai_marker" time="19.208" /><testcase classname="tests.test_ai_tabs_integration.TestAIProductEndpoint" name="test_product_coffee_090111" time="26.213" /><testcase classname="tests.test_ai_tabs_integration.TestAIProductEndpoint" name="test_product_has_african_trade_data" time="26.970" /><testcase classname="tests.test_ai_tabs_integration.TestAIProductEndpoint" name="test_product_has_exporters_importers" time="26.877" /><testcase classname="tests.test_ai_tabs_integration.TestAIProductEndpoint" name="test_product_invalid_hs_code" time="0.056" /><testcase classname="tests.test_ai_tabs_integration.TestAIProductEndpoint" name="test_product_has_ai_marker" time="26.668" /><testcase classname="tests.test_ai_tabs_integration.TestComtradeStatus" name="test_comtrade_status_returns_200" time="0.069" /><testcase classname="tests.test_ai_tabs_integration.TestSubstitutionOpportunities" name="test_substitution_morocco_returns_200" time="60.086"><failure message="requests.exceptions.ReadTimeout: HTTPSConnectionPool(host='trade-pulse-164.preview.emergentagent.com', port=443): Read timed out. (read timeout=60)">/root/.venv/lib/python3.11/site-packages/urllib3/connectionpool.py:534: in _make_request
    response = conn.getresponse()
               ^^^^^^^^^^^^^^^^^^
/root/.venv/lib/python3.11/site-packages/urllib3/connection.py:565: in getresponse
    httplib_response = super().getresponse()
                       ^^^^^^^^^^^^^^^^^^^^^
/usr/local/lib/python3.11/http/client.py:1395: in getresponse
    response.begin()
/usr/local/lib/python3.11/http/client.py:325: in begin
    version, status, reason = self._read_status()
                              ^^^^^^^^^^^^^^^^^^^
/usr/local/lib/python3.11/http/client.py:286: in _read_status
    line = str(self.fp.readline(_MAXLINE + 1), "iso-8859-1")
               ^^^^^^^^^^^^^^^^^^^^^^^^^^^^^^
/usr/local/lib/python3.11/socket.py:718: in readinto
    return self._sock.recv_into(b)
           ^^^^^^^^^^^^^^^^^^^^^^^
/usr/local/lib/python3.11/ssl.py:1314: in recv_into
    return self.read(nbytes, buffer)
           ^^^^^^^^^^^^^^^^^^^^^^^^^
/usr/local/lib/python3.11/ssl.py:1166: in read
    return self._sslobj.read(len, buffer)
           ^^^^^^^^^^^^^^^^^^^^^^^^^^^^^^
E   TimeoutError: The read operation timed out

The above exception was the direct cause of the following exception:
/root/.venv/lib/python3.11/site-packages/requests/adapters.py:644: in send
    resp = conn.urlopen(
/root/.venv/lib/python3.11/site-packages/urllib3/connectionpool.py:841: in urlopen
    retries = retries.increment(
/root/.venv/lib/python3.11/site-packages/urllib3/util/retry.py:474: in increment
    raise reraise(type(error), error, _stacktrace)
          ^^^^^^^^^^^^^^^^^^^^^^^^^^^^^^^^^^^^^^^^
/root/.venv/lib/python3.11/site-packages/urllib3/util/util.py:39: in reraise
    raise value
/root/.venv/lib/python3.11/site-packages/urllib3/connectionpool.py:787: in urlopen
    response = self._make_request(
/root/.venv/lib/python3.11/site-packages/urllib3/connectionpool.py:536: in _make_request
    self._raise_timeout(err=e, url=url, timeout_value=read_timeout)
/root/.venv/lib/python3.11/site-packages/urllib3/connectionpool.py:367: in _raise_timeout
    raise ReadTimeoutError(
E   urllib3.exceptions.ReadTimeoutError: HTTPSConnectionPool(host='trade-pulse-164.preview.emergentagent.com', port=443): Read timed out. (read timeout=60)

During handling of the above exception, another exception occurred:
tests/test_ai_tabs_integration.py:277: in test_substitution_morocco_returns_200
    response = requests.get(f"{API_URL}/substitution/opportunities/import/MAR?lang=fr", timeout=60)
               ^^^^^^^^^^^^^^^^^^^^^^^^^^^^^^^^^^^^^^^^^^^^^^^^^^^^^^^^^^^^^^^^^^^^^^^^^^^^^^^^^^^^
/root/.venv/lib/python3.11/site-packages/requests/api.py:73: in get
    return request("get", url, params=params, **kwargs)
           ^^^^^^^^^^^^^^^^^^^^^^^^^^^^^^^^^^^^^^^^^^^^
/root/.venv/lib/python3.11/site-packages/requests/api.py:59: in request
    return session.request(method=method, url=url, **kwargs)
           ^^^^^^^^^^^^^^^^^^^^^^^^^^^^^^^^^^^^^^^^^^^^^^^^^
/root/.venv/lib/python3.11/site-packages/requests/sessions.py:589: in request
    resp = self.send(prep, **send_kwargs)
           ^^^^^^^^^^^^^^^^^^^^^^^^^^^^^^
/root/.venv/lib/python3.11/site-packages/requests/sessions.py:703: in send
    r = adapter.send(request, **kwargs)
        ^^^^^^^^^^^^^^^^^^^^^^^^^^^^^^^
/root/.venv/lib/python3.11/site-packages/requests/adapters.py:690: in send
    raise ReadTimeout(e, request=request)
E   requests.exceptions.ReadTimeout: HTTPSConnectionPool(host='trade-pulse-164.preview.emergentagent.com', port=443): Read timed out. (read timeout=60)</failure></testcase><testcase classname="tests.test_ai_tabs_integration.TestAIHealthEndpoint" name="test_ai_health_returns_operational" time="0.069" /></testsuite></testsuites>