<?xml version="1.0" encoding="utf-8"?><testsuites name="pytest tests"><testsuite name="pytest" errors="0" failures="1" skipped="0" tests="20" time="8.205" timestamp="2026-02-20T23:52:13.160762+00:00" hostname="agent-env-edefb273-9704-4ff8-8f55-c38d4a49cb21"><testcase classname="backend.tests.test_authentic_tariffs.TestAuthenticTariffsCountriesList" name="test_countries_list_success" time="5.675" /><testcase classname="backend.tests.test_authentic_tariffs.TestAuthenticTariffsCountriesList" name="test_countries_list_structure" time="0.174" /><testcase classname="backend.tests.test_authentic_tariffs.TestAuthenticTariffsCountriesList" name="test_countries_include_major_african_nations" time="0.122" /><testcase classname="backend.tests.test_authentic_tariffs.TestAuthenticTariffsCalculate" name="test_calculate_tariff_mar_cacao" time="0.116" /><testcase classname="backend.tests.test_authentic_tariffs.TestAuthenticTariffsCalculate" name="test_calculate_tariff_nga" time="0.129" /><testcase classname="backend.tests.test_authentic_tariffs.TestAuthenticTariffsCalculate" name="test_calculate_tariff_egy" time="0.118" /><testcase classname="backend.tests.test_authentic_tariffs.TestAuthenticTariffsCalculate" name="test_calculate_tariff_nonexistent_country" time="0.145" /><testcase classname="backend.tests.test_authentic_tariffs.TestAuthenticTariffsCalculate" name="test_calculate_tariff_nonexistent_hs_code" time="0.102"><failure message="assert 200 == 404&#10; +  where 200 = &lt;Response [200]&gt;.status_code">backend/tests/test_authentic_tariffs.py:123: in test_calculate_tariff_nonexistent_hs_code
    assert response.status_code == 404
E   assert 200 == 404
E    +  where 200 = &lt;Response [200]&gt;.status_code</failure></testcase><testcase classname="backend.tests.test_authentic_tariffs.TestAuthenticTariffsCountrySummary" name="test_country_summary_mar" time="0.131" /><testcase classname="backend.tests.test_authentic_tariffs.TestAuthenticTariffsCountrySummary" name="test_country_summary_nga" time="0.134" /><testcase classname="backend.tests.test_authentic_tariffs.TestAuthenticTariffsCountrySummary" name="test_country_summary_nonexistent" time="0.143" /><testcase classname="backend.tests.test_authentic_tariffs.TestAuthenticTariffsSearch" name="test_search_cacao_mar" time="0.114" /><testcase classname="backend.tests.test_authentic_tariffs.TestAuthenticTariffsSearch" name="test_search_by_hs_code" time="0.118" /><testcase classname="backend.tests.test_authentic_tariffs.TestAuthenticTariffsSearch" name="test_search_min_query_length" time="0.109" /><testcase classname="backend.tests.test_authentic_tariffs.TestAuthenticTariffsSubPositions" name="test_get_sub_positions_mar" time="0.153" /><testcase classname="backend.tests.test_authentic_tariffs.TestAuthenticTariffsTaxesDetail" name="test_get_taxes_detail" time="0.110" /><testcase classname="backend.tests.test_authentic_tariffs.TestAuthenticTariffsAdvantages" name="test_get_fiscal_advantages" time="0.174" /><testcase classname="backend.tests.test_authentic_tariffs.TestAuthenticTariffsTariffLine" name="test_get_tariff_line" time="0.114" /><testcase classname="backend.tests.test_authentic_tariffs.TestAuthenticTariffsSavingsCalculation" name="test_savings_calculation_correct" time="0.109" /><testcase classname="backend.tests.test_authentic_tariffs.TestAuthenticTariffsSavingsCalculation" name="test_zlecaf_dd_is_zero" time="0.116" /></testsuite></testsuites>