<?xml version="1.0" encoding="utf-8"?><testsuites name="pytest tests"><testsuite name="pytest" errors="0" failures="0" skipped="0" tests="20" time="7.933" timestamp="2026-02-20T23:52:38.614811+00:00" hostname="agent-env-edefb273-9704-4ff8-8f55-c38d4a49cb21"><testcase classname="backend.tests.test_authentic_tariffs.TestAuthenticTariffsCountriesList" name="test_countries_list_success" time="5.386" /><testcase classname="backend.tests.test_authentic_tariffs.TestAuthenticTariffsCountriesList" name="test_countries_list_structure" time="0.156" /><testcase classname="backend.tests.test_authentic_tariffs.TestAuthenticTariffsCountriesList" name="test_countries_include_major_african_nations" time="0.157" /><testcase classname="backend.tests.test_authentic_tariffs.TestAuthenticTariffsCalculate" name="test_calculate_tariff_mar_cacao" time="0.108" /><testcase classname="backend.tests.test_authentic_tariffs.TestAuthenticTariffsCalculate" name="test_calculate_tariff_nga" time="0.124" /><testcase classname="backend.tests.test_authentic_tariffs.TestAuthenticTariffsCalculate" name="test_calculate_tariff_egy" time="0.104" /><testcase classname="backend.tests.test_authentic_tariffs.TestAuthenticTariffsCalculate" name="test_calculate_tariff_nonexistent_country" time="0.114" /><testcase classname="backend.tests.test_authentic_tariffs.TestAuthenticTariffsCalculate" name="test_calculate_tariff_catch_all_hs_code" time="0.113" /><testcase classname="backend.tests.test_authentic_tariffs.TestAuthenticTariffsCountrySummary" name="test_country_summary_mar" time="0.105" /><testcase classname="backend.tests.test_authentic_tariffs.TestAuthenticTariffsCountrySummary" name="test_country_summary_nga" time="0.123" /><testcase classname="backend.tests.test_authentic_tariffs.TestAuthenticTariffsCountrySummary" name="test_country_summary_nonexistent" time="0.113" /><testcase classname="backend.tests.test_authentic_tariffs.TestAuthenticTariffsSearch" name="test_search_cacao_mar" time="0.136" /><testcase classname="backend.tests.test_authentic_tariffs.TestAuthenticTariffsSearch" name="test_search_by_hs_code" time="0.154" /><testcase classname="backend.tests.test_authentic_tariffs.TestAuthenticTariffsSearch" name="test_search_min_query_length" time="0.116" /><testcase classname="backend.tests.test_authentic_tariffs.TestAuthenticTariffsSubPositions" name="test_get_sub_positions_mar" time="0.179" /><testcase classname="backend.tests.test_authentic_tariffs.TestAuthenticTariffsTaxesDetail" name="test_get_taxes_detail" time="0.128" /><testcase classname="backend.tests.test_authentic_tariffs.TestAuthenticTariffsAdvantages" name="test_get_fiscal_advantages" time="0.107" /><testcase classname="backend.tests.test_authentic_tariffs.TestAuthenticTariffsTariffLine" name="test_get_tariff_line" time="0.140" /><testcase classname="backend.tests.test_authentic_tariffs.TestAuthenticTariffsSavingsCalculation" name="test_savings_calculation_correct" time="0.128" /><testcase classname="backend.tests.test_authentic_tariffs.TestAuthenticTariffsSavingsCalculation" name="test_zlecaf_dd_is_zero" time="0.155" /></testsuite></testsuites>