<?xml version="1.0" encoding="utf-8"?><testsuites name="pytest tests"><testsuite name="pytest" errors="0" failures="0" skipped="0" tests="36" time="1.614" timestamp="2026-01-20T18:09:40.034364+00:00" hostname="agent-env-1797a249-fee3-4599-aac3-a433de3907b3"><testcase classname="tests.test_2024_data_update.TestHealthCheck" name="test_api_health" time="0.092" /><testcase classname="tests.test_2024_data_update.TestMajorEconomiesGDP2024" name="test_country_profile_gdp_2024[NG-expected0]" time="0.042" /><testcase classname="tests.test_2024_data_update.TestMajorEconomiesGDP2024" name="test_country_profile_gdp_2024[ZA-expected1]" time="0.044" /><testcase classname="tests.test_2024_data_update.TestMajorEconomiesGDP2024" name="test_country_profile_gdp_2024[EG-expected2]" time="0.040" /><testcase classname="tests.test_2024_data_update.TestMajorEconomiesGDP2024" name="test_country_profile_gdp_2024[DZ-expected3]" time="0.044" /><testcase classname="tests.test_2024_data_update.TestMajorEconomiesGDP2024" name="test_country_profile_gdp_2024[MA-expected4]" time="0.046" /><testcase classname="tests.test_2024_data_update.TestMajorEconomiesGDP2024" name="test_country_profile_gdp_2024[KE-expected5]" time="0.047" /><testcase classname="tests.test_2024_data_update.TestMajorEconomiesGDP2024" name="test_country_profile_gdp_2024[ET-expected6]" time="0.045" /><testcase classname="tests.test_2024_data_update.TestMajorEconomiesGDP2024" name="test_country_profile_gdp_2024[GH-expected7]" time="0.041" /><testcase classname="tests.test_2024_data_update.TestMajorEconomiesGDP2024" name="test_country_profile_gdp_2024[CI-expected8]" time="0.043" /><testcase classname="tests.test_2024_data_update.TestMajorEconomiesGDP2024" name="test_country_profile_gdp_2024[TZ-expected9]" time="0.043" /><testcase classname="tests.test_2024_data_update.TestGrowthProjections2025" name="test_growth_projection_2025[NG-expected0]" time="0.041" /><testcase classname="tests.test_2024_data_update.TestGrowthProjections2025" name="test_growth_projection_2025[ZA-expected1]" time="0.040" /><testcase classname="tests.test_2024_data_update.TestGrowthProjections2025" name="test_growth_projection_2025[EG-expected2]" time="0.048" /><testcase classname="tests.test_2024_data_update.TestGrowthProjections2025" name="test_growth_projection_2025[DZ-expected3]" time="0.043" /><testcase classname="tests.test_2024_data_update.TestGrowthProjections2025" name="test_growth_projection_2025[MA-expected4]" time="0.042" /><testcase classname="tests.test_2024_data_update.TestGrowthProjections2025" name="test_growth_projection_2025[KE-expected5]" time="0.041" /><testcase classname="tests.test_2024_data_update.TestGrowthProjections2025" name="test_growth_projection_2025[ET-expected6]" time="0.041" /><testcase classname="tests.test_2024_data_update.TestGrowthProjections2025" name="test_growth_projection_2025[GH-expected7]" time="0.039" /><testcase classname="tests.test_2024_data_update.TestGrowthProjections2025" name="test_growth_projection_2025[CI-expected8]" time="0.039" /><testcase classname="tests.test_2024_data_update.TestGrowthProjections2025" name="test_growth_projection_2025[TZ-expected9]" time="0.046" /><testcase classname="tests.test_2024_data_update.TestAfricanRanking" name="test_nigeria_rank_1" time="0.044" /><testcase classname="tests.test_2024_data_update.TestAfricanRanking" name="test_south_africa_rank_2" time="0.041" /><testcase classname="tests.test_2024_data_update.TestAfricanRanking" name="test_egypt_rank_3" time="0.039" /><testcase classname="tests.test_2024_data_update.TestUNCTADPortStatistics" name="test_unctad_ports_endpoint" time="0.037" /><testcase classname="tests.test_2024_data_update.TestUNCTADPortStatistics" name="test_tanger_med_throughput" time="0.038" /><testcase classname="tests.test_2024_data_update.TestUNCTADPortStatistics" name="test_top_african_ports_ranking" time="0.037" /><testcase classname="tests.test_2024_data_update.TestUNCTADLSCI" name="test_lsci_endpoint" time="0.039" /><testcase classname="tests.test_2024_data_update.TestUNCTADLSCI" name="test_morocco_lsci_rank_1" time="0.038" /><testcase classname="tests.test_2024_data_update.TestUNCTADLSCI" name="test_egypt_lsci_rank_2" time="0.034" /><testcase classname="tests.test_2024_data_update.TestUNCTADTradeFlows" name="test_trade_flows_endpoint" time="0.038" /><testcase classname="tests.test_2024_data_update.TestAllUNCTADData" name="test_all_unctad_endpoint" time="0.040" /><testcase classname="tests.test_2024_data_update.TestRiskRatings" name="test_risk_ratings_present[NG-expected0]" time="0.039" /><testcase classname="tests.test_2024_data_update.TestRiskRatings" name="test_risk_ratings_present[ZA-expected1]" time="0.041" /><testcase classname="tests.test_2024_data_update.TestRiskRatings" name="test_risk_ratings_present[EG-expected2]" time="0.039" /><testcase classname="tests.test_2024_data_update.TestRiskRatings" name="test_risk_ratings_present[MA-expected3]" time="0.042" /></testsuite></testsuites>