<?xml version="1.0" encoding="utf-8"?><testsuites name="pytest tests"><testsuite name="pytest" errors="0" failures="0" skipped="0" tests="40" time="1.733" timestamp="2026-01-24T17:12:29.676316+00:00" hostname="agent-env-3ea14843-2678-46b2-977b-cd2931fd3815"><testcase classname="tests.test_hs6_extended_api.TestHS6Search" name="test_search_riz" time="0.060" /><testcase classname="tests.test_hs6_extended_api.TestHS6Search" name="test_search_automobile" time="0.036" /><testcase classname="tests.test_hs6_extended_api.TestHS6Search" name="test_search_textile" time="0.041" /><testcase classname="tests.test_hs6_extended_api.TestHS6Search" name="test_search_acier" time="0.040" /><testcase classname="tests.test_hs6_extended_api.TestHS6Search" name="test_search_cuir" time="0.040" /><testcase classname="tests.test_hs6_extended_api.TestHS6Search" name="test_search_poisson" time="0.039" /><testcase classname="tests.test_hs6_extended_api.TestHS6Search" name="test_search_navire" time="0.040" /><testcase classname="tests.test_hs6_extended_api.TestHS6Search" name="test_search_by_code" time="0.039" /><testcase classname="tests.test_hs6_extended_api.TestHS6Search" name="test_search_english" time="0.039" /><testcase classname="tests.test_hs6_extended_api.TestHS6Statistics" name="test_statistics_returns_data" time="0.038" /><testcase classname="tests.test_hs6_extended_api.TestHS6Statistics" name="test_statistics_total_codes_over_800" time="0.042" /><testcase classname="tests.test_hs6_extended_api.TestHS6Statistics" name="test_statistics_with_sub_positions" time="0.039" /><testcase classname="tests.test_hs6_extended_api.TestHS6Statistics" name="test_statistics_categories_count" time="0.038" /><testcase classname="tests.test_hs6_extended_api.TestHS6Statistics" name="test_statistics_sensitivities" time="0.039" /><testcase classname="tests.test_hs6_extended_api.TestHS6Info" name="test_get_info_vehicle_code" time="0.041" /><testcase classname="tests.test_hs6_extended_api.TestHS6Info" name="test_get_info_coffee_code" time="0.036" /><testcase classname="tests.test_hs6_extended_api.TestHS6Info" name="test_get_info_steel_code" time="0.080" /><testcase classname="tests.test_hs6_extended_api.TestHS6Info" name="test_get_info_leather_code" time="0.038" /><testcase classname="tests.test_hs6_extended_api.TestHS6Info" name="test_get_info_textile_code" time="0.037" /><testcase classname="tests.test_hs6_extended_api.TestHS6Info" name="test_get_info_ship_code" time="0.037" /><testcase classname="tests.test_hs6_extended_api.TestHS6Info" name="test_get_info_nonexistent_code" time="0.040" /><testcase classname="tests.test_hs6_extended_api.TestHS6SubPositions" name="test_suggestions_vehicle_code" time="0.039" /><testcase classname="tests.test_hs6_extended_api.TestHS6SubPositions" name="test_suggestions_with_country" time="0.039" /><testcase classname="tests.test_hs6_extended_api.TestHS6Categories" name="test_get_all_categories" time="0.040" /><testcase classname="tests.test_hs6_extended_api.TestHS6Categories" name="test_categories_include_new_chapters" time="0.036" /><testcase classname="tests.test_hs6_extended_api.TestHS6CategoryCodes" name="test_get_vehicles_category" time="0.041" /><testcase classname="tests.test_hs6_extended_api.TestHS6CategoryCodes" name="test_get_coffee_category" time="0.034" /><testcase classname="tests.test_hs6_extended_api.TestHS6CategoryCodes" name="test_get_nonexistent_category" time="0.040" /><testcase classname="tests.test_hs6_extended_api.TestHS6RuleOfOrigin" name="test_rule_of_origin_vehicle" time="0.040" /><testcase classname="tests.test_hs6_extended_api.TestHS6RuleOfOrigin" name="test_rule_of_origin_coffee" time="0.042" /><testcase classname="tests.test_hs6_extended_api.TestHS6RuleOfOrigin" name="test_rule_of_origin_default" time="0.040" /><testcase classname="tests.test_hs6_extended_api.TestHS6ExtendedChapters" name="test_chapter_41_leather" time="0.037" /><testcase classname="tests.test_hs6_extended_api.TestHS6ExtendedChapters" name="test_chapter_52_cotton" time="0.039" /><testcase classname="tests.test_hs6_extended_api.TestHS6ExtendedChapters" name="test_chapter_72_steel" time="0.042" /><testcase classname="tests.test_hs6_extended_api.TestHS6ExtendedChapters" name="test_chapter_84_machinery" time="0.043" /><testcase classname="tests.test_hs6_extended_api.TestHS6ExtendedChapters" name="test_chapter_87_vehicles" time="0.036" /><testcase classname="tests.test_hs6_extended_api.TestHS6ExtendedChapters" name="test_chapter_89_ships" time="0.040" /><testcase classname="tests.test_hs6_extended_api.TestDataConsistency" name="test_search_count_vs_statistics" time="0.080" /><testcase classname="tests.test_hs6_extended_api.TestDataConsistency" name="test_categories_sum_equals_total" time="0.038" /><testcase classname="tests.test_hs6_extended_api.TestDataConsistency" name="test_sensitivities_sum_equals_total" time="0.040" /></testsuite></testsuites>