<?xml version="1.0" encoding="utf-8"?><testsuites name="pytest tests"><testsuite name="pytest" errors="0" failures="0" skipped="0" tests="20" time="0.990" timestamp="2026-01-14T11:03:02.503880+00:00" hostname="agent-env-3c633074-8855-45bd-ab3c-e701bd4c95eb"><testcase classname="tests.test_hs_codes_api.TestHSCodesStatistics" name="test_get_statistics" time="0.091" /><testcase classname="tests.test_hs_codes_api.TestHSCodesChapters" name="test_get_all_chapters" time="0.037" /><testcase classname="tests.test_hs_codes_api.TestHSCodesChapters" name="test_chapter_18_cacao" time="0.040" /><testcase classname="tests.test_hs_codes_api.TestHSCodesSearch" name="test_search_cacao" time="0.075" /><testcase classname="tests.test_hs_codes_api.TestHSCodesSearch" name="test_search_coffee_english" time="0.037" /><testcase classname="tests.test_hs_codes_api.TestHSCodesSearch" name="test_search_poisson" time="0.038" /><testcase classname="tests.test_hs_codes_api.TestHSCodesSearch" name="test_search_by_code" time="0.037" /><testcase classname="tests.test_hs_codes_api.TestHSCodesSearch" name="test_search_minimum_length" time="0.080" /><testcase classname="tests.test_hs_codes_api.TestHSCodesSearch" name="test_search_limit_parameter" time="0.038" /><testcase classname="tests.test_hs_codes_api.TestHSCodesChapterCodes" name="test_get_chapter_09_codes" time="0.039" /><testcase classname="tests.test_hs_codes_api.TestHSCodesChapterCodes" name="test_get_chapter_18_codes" time="0.034" /><testcase classname="tests.test_hs_codes_api.TestHSCodesChapterCodes" name="test_get_chapter_03_codes" time="0.035" /><testcase classname="tests.test_hs_codes_api.TestHSCodesChapterCodes" name="test_invalid_chapter" time="0.037" /><testcase classname="tests.test_hs_codes_api.TestHSCodesChapterCodes" name="test_chapter_english_language" time="0.034" /><testcase classname="tests.test_hs_codes_api.TestHSCodesSingleCode" name="test_get_code_180100" time="0.039" /><testcase classname="tests.test_hs_codes_api.TestHSCodesSingleCode" name="test_get_code_english" time="0.034" /><testcase classname="tests.test_hs_codes_api.TestHSCodesSingleCode" name="test_invalid_code" time="0.033" /><testcase classname="tests.test_hs_codes_api.TestRulesOfOriginIntegration" name="test_rules_for_cacao" time="0.034" /><testcase classname="tests.test_hs_codes_api.TestRulesOfOriginIntegration" name="test_rules_for_coffee" time="0.034" /><testcase classname="tests.test_hs_codes_api.TestRulesOfOriginIntegration" name="test_rules_for_fish" time="0.033" /></testsuite></testsuites>