<?xml version="1.0" encoding="utf-8"?><testsuites name="pytest tests"><testsuite name="pytest" errors="0" failures="0" skipped="0" tests="12" time="8.692" timestamp="2026-02-21T00:27:22.884539+00:00" hostname="agent-env-edefb273-9704-4ff8-8f55-c38d4a49cb21"><testcase classname="backend.tests.test_multi_country_and_taxes.TestAuthenticTariffsCountries" name="test_countries_list_returns_54_countries" time="6.193" /><testcase classname="backend.tests.test_multi_country_and_taxes.TestAuthenticTariffsCountries" name="test_countries_have_required_fields" time="0.174" /><testcase classname="backend.tests.test_multi_country_and_taxes.TestAuthenticTariffsCountries" name="test_countries_have_enhanced_v2_format" time="0.130" /><testcase classname="backend.tests.test_multi_country_and_taxes.TestTaxesDetailWithLabels" name="test_morocco_taxes_detail_has_all_taxes" time="0.120" /><testcase classname="backend.tests.test_multi_country_and_taxes.TestTaxesDetailWithLabels" name="test_nigeria_taxes_detail_has_regional_taxes" time="0.148" /><testcase classname="backend.tests.test_multi_country_and_taxes.TestTaxesDetailWithLabels" name="test_algeria_taxes_detail_has_prct_tcs" time="0.138" /><testcase classname="backend.tests.test_multi_country_and_taxes.TestCalculateEndpoint" name="test_calculate_returns_npf_vs_zlecaf" time="0.111" /><testcase classname="backend.tests.test_multi_country_and_taxes.TestCalculateEndpoint" name="test_calculate_returns_fiscal_advantages" time="0.134" /><testcase classname="backend.tests.test_multi_country_and_taxes.TestCalculateEndpoint" name="test_calculate_returns_administrative_formalities" time="0.342" /><testcase classname="backend.tests.test_multi_country_and_taxes.TestMultiCountryComparison" name="test_compare_5_countries_parallel" time="0.599" /><testcase classname="backend.tests.test_multi_country_and_taxes.TestMultiCountryComparison" name="test_each_country_has_taxes_detail" time="0.387" /><testcase classname="backend.tests.test_multi_country_and_taxes.TestSubPositions" name="test_sub_positions_for_hs6" time="0.148" /></testsuite></testsuites>