<?xml version="1.0" encoding="utf-8"?><testsuites name="pytest tests"><testsuite name="pytest" errors="0" failures="0" skipped="0" tests="14" time="77.240" timestamp="2026-02-05T10:42:05.473948+00:00" hostname="agent-env-1f550869-7e85-49d3-8551-a3d4eb2f1a87"><testcase classname="backend.tests.test_multi_country_comparison.TestAIProfileEndpoint" name="test_profile_endpoint_returns_200" time="7.904" /><testcase classname="backend.tests.test_multi_country_comparison.TestAIProfileEndpoint" name="test_profile_returns_economic_indicators" time="7.670" /><testcase classname="backend.tests.test_multi_country_comparison.TestAIProfileEndpoint" name="test_profile_returns_trade_summary" time="8.064" /><testcase classname="backend.tests.test_multi_country_comparison.TestAIProfileEndpoint" name="test_profile_returns_development_indices" time="7.846" /><testcase classname="backend.tests.test_multi_country_comparison.TestCountriesEndpoint" name="test_countries_endpoint_returns_200" time="0.095" /><testcase classname="backend.tests.test_multi_country_comparison.TestCountriesEndpoint" name="test_countries_returns_list" time="0.039" /><testcase classname="backend.tests.test_multi_country_comparison.TestCountriesEndpoint" name="test_countries_have_required_fields" time="0.037" /><testcase classname="backend.tests.test_multi_country_comparison.TestStatisticsEndpoint" name="test_statistics_endpoint_returns_200" time="0.049" /><testcase classname="backend.tests.test_multi_country_comparison.TestStatisticsEndpoint" name="test_statistics_returns_top_exporters" time="0.047" /><testcase classname="backend.tests.test_multi_country_comparison.TestStatisticsEndpoint" name="test_statistics_returns_top_importers" time="0.050" /><testcase classname="backend.tests.test_multi_country_comparison.TestMultipleCountryProfiles" name="test_fetch_two_country_profiles" time="15.193" /><testcase classname="backend.tests.test_multi_country_comparison.TestMultipleCountryProfiles" name="test_profile_data_is_comparable" time="15.957" /><testcase classname="backend.tests.test_multi_country_comparison.TestProfileEnglishLanguage" name="test_profile_english_returns_200" time="6.100" /><testcase classname="backend.tests.test_multi_country_comparison.TestProfileEnglishLanguage" name="test_profile_english_has_data" time="8.119" /></testsuite></testsuites>