<?xml version="1.0" encoding="utf-8"?><testsuites name="pytest tests"><testsuite name="pytest" errors="0" failures="0" skipped="0" tests="20" time="2.017" timestamp="2026-01-26T23:27:54.189775+00:00" hostname="agent-env-9998f510-94d4-45a8-87f1-7ee666199f46"><testcase classname="backend.tests.test_oec_api.TestOECCountriesAPI" name="test_get_countries_french" time="0.072" /><testcase classname="backend.tests.test_oec_api.TestOECCountriesAPI" name="test_get_countries_english" time="0.046" /><testcase classname="backend.tests.test_oec_api.TestOECYearsAPI" name="test_get_available_years" time="0.037" /><testcase classname="backend.tests.test_oec_api.TestOECExportsAPI" name="test_get_nigeria_exports" time="0.156" /><testcase classname="backend.tests.test_oec_api.TestOECExportsAPI" name="test_get_kenya_exports" time="0.125" /><testcase classname="backend.tests.test_oec_api.TestOECExportsAPI" name="test_invalid_country_exports" time="0.039" /><testcase classname="backend.tests.test_oec_api.TestOECImportsAPI" name="test_get_kenya_imports" time="0.133" /><testcase classname="backend.tests.test_oec_api.TestOECImportsAPI" name="test_get_south_africa_imports" time="0.110" /><testcase classname="backend.tests.test_oec_api.TestOECProductAPI" name="test_coffee_exports_0901" time="0.116" /><testcase classname="backend.tests.test_oec_api.TestOECProductAPI" name="test_cocoa_exports_1801" time="0.108" /><testcase classname="backend.tests.test_oec_api.TestOECProductAPI" name="test_oil_exports_2709" time="0.152" /><testcase classname="backend.tests.test_oec_api.TestOECProductAPI" name="test_product_imports" time="0.108" /><testcase classname="backend.tests.test_oec_api.TestOECBilateralAPI" name="test_ivory_coast_to_ghana" time="0.111" /><testcase classname="backend.tests.test_oec_api.TestOECBilateralAPI" name="test_nigeria_to_south_africa" time="0.110" /><testcase classname="backend.tests.test_oec_api.TestOECBilateralAPI" name="test_invalid_exporter" time="0.033" /><testcase classname="backend.tests.test_oec_api.TestOECBilateralAPI" name="test_invalid_importer" time="0.036" /><testcase classname="backend.tests.test_oec_api.TestOECAfricanExportersAPI" name="test_top_african_coffee_exporters" time="0.110" /><testcase classname="backend.tests.test_oec_api.TestOECDataIntegrity" name="test_exports_response_structure" time="0.129" /><testcase classname="backend.tests.test_oec_api.TestOECDataIntegrity" name="test_product_response_structure" time="0.108" /><testcase classname="backend.tests.test_oec_api.TestOECDataIntegrity" name="test_bilateral_response_structure" time="0.104" /></testsuite></testsuites>