<?xml version="1.0" encoding="utf-8"?><testsuites name="pytest tests"><testsuite name="pytest" errors="0" failures="0" skipped="0" tests="24" time="1.028" timestamp="2026-01-09T22:26:02.170712+00:00" hostname="agent-env-9b99156b-e0ae-4ff9-ae61-206622a22bac"><testcase classname="tests.test_dashboard_apis.TestHealthEndpoints" name="test_health_check" time="0.061" /><testcase classname="tests.test_dashboard_apis.TestHealthEndpoints" name="test_detailed_health_status" time="0.036" /><testcase classname="tests.test_dashboard_apis.TestStatisticsEndpoint" name="test_statistics_endpoint_returns_200" time="0.050" /><testcase classname="tests.test_dashboard_apis.TestStatisticsEndpoint" name="test_statistics_trade_evolution_data" time="0.048" /><testcase classname="tests.test_dashboard_apis.TestStatisticsEndpoint" name="test_statistics_top_exporters" time="0.048" /><testcase classname="tests.test_dashboard_apis.TestStatisticsEndpoint" name="test_statistics_top_importers" time="0.050" /><testcase classname="tests.test_dashboard_apis.TestStatisticsEndpoint" name="test_statistics_zlecaf_impact_metrics" time="0.051" /><testcase classname="tests.test_dashboard_apis.TestUNCTADPortsEndpoint" name="test_ports_endpoint_returns_200" time="0.038" /><testcase classname="tests.test_dashboard_apis.TestUNCTADPortsEndpoint" name="test_ports_total_throughput" time="0.036" /><testcase classname="tests.test_dashboard_apis.TestUNCTADPortsEndpoint" name="test_ports_growth_rate" time="0.035" /><testcase classname="tests.test_dashboard_apis.TestUNCTADPortsEndpoint" name="test_ports_top_ports_list" time="0.036" /><testcase classname="tests.test_dashboard_apis.TestUNCTADLSCIEndpoint" name="test_lsci_endpoint_returns_200" time="0.041" /><testcase classname="tests.test_dashboard_apis.TestUNCTADLSCIEndpoint" name="test_lsci_data_structure" time="0.035" /><testcase classname="tests.test_dashboard_apis.TestUNCTADLSCIEndpoint" name="test_lsci_top_countries" time="0.039" /><testcase classname="tests.test_dashboard_apis.TestCountryProfileEndpoint" name="test_country_profile_dz_returns_200" time="0.038" /><testcase classname="tests.test_dashboard_apis.TestCountryProfileEndpoint" name="test_country_profile_dz_data" time="0.039" /><testcase classname="tests.test_dashboard_apis.TestCountryProfileEndpoint" name="test_country_profile_dz_projections" time="0.039" /><testcase classname="tests.test_dashboard_apis.TestCountryProfileEndpoint" name="test_country_profile_invalid_code" time="0.036" /><testcase classname="tests.test_dashboard_apis.TestCountriesEndpoint" name="test_countries_endpoint_returns_200" time="0.037" /><testcase classname="tests.test_dashboard_apis.TestCountriesEndpoint" name="test_countries_count" time="0.040" /><testcase classname="tests.test_dashboard_apis.TestCountriesEndpoint" name="test_countries_language_fr" time="0.034" /><testcase classname="tests.test_dashboard_apis.TestCountriesEndpoint" name="test_countries_language_en" time="0.032" /><testcase classname="tests.test_dashboard_apis.TestRulesOfOriginEndpoint" name="test_rules_of_origin_returns_200" time="0.035" /><testcase classname="tests.test_dashboard_apis.TestRulesOfOriginEndpoint" name="test_rules_of_origin_data_structure" time="0.034" /></testsuite></testsuites>