<?xml version="1.0" encoding="utf-8"?><testsuites name="pytest tests"><testsuite name="pytest" errors="0" failures="0" skipped="0" tests="15" time="23.381" timestamp="2026-01-27T22:34:39.171263+00:00" hostname="agent-env-15a3be80-be04-4105-bf44-bb869a0578de"><testcase classname="backend.tests.test_rate_warning_sub_positions.TestRateWarningFeature" name="test_rice_100630_to_nigeria_has_varying_rates" time="2.057" /><testcase classname="backend.tests.test_rate_warning_sub_positions.TestRateWarningFeature" name="test_rice_100630_sub_positions_details" time="1.645" /><testcase classname="backend.tests.test_rate_warning_sub_positions.TestRateWarningFeature" name="test_cars_870323_to_nigeria_has_varying_rates" time="1.467" /><testcase classname="backend.tests.test_rate_warning_sub_positions.TestRateWarningFeature" name="test_cars_870323_sub_positions_details" time="1.457" /><testcase classname="backend.tests.test_rate_warning_sub_positions.TestNoWarningForUniformRates" name="test_medicines_300490_no_warning" time="1.464" /><testcase classname="backend.tests.test_rate_warning_sub_positions.TestNoWarningForUniformRates" name="test_vaccines_300220_no_warning" time="1.514" /><testcase classname="backend.tests.test_rate_warning_sub_positions.TestRateWarningStructure" name="test_rate_warning_has_all_required_fields" time="1.397" /><testcase classname="backend.tests.test_rate_warning_sub_positions.TestRateWarningStructure" name="test_sub_positions_details_structure" time="1.375" /><testcase classname="backend.tests.test_rate_warning_sub_positions.TestTariffPrecisionField" name="test_tariff_precision_for_hs6" time="1.377" /><testcase classname="backend.tests.test_rate_warning_sub_positions.TestTariffPrecisionField" name="test_has_varying_sub_positions_field" time="1.337" /><testcase classname="backend.tests.test_rate_warning_sub_positions.TestTariffPrecisionField" name="test_available_sub_positions_count" time="1.404" /><testcase classname="backend.tests.test_rate_warning_sub_positions.TestOtherCountriesWithVaryingRates" name="test_kenya_rice_varying_rates" time="2.254" /><testcase classname="backend.tests.test_rate_warning_sub_positions.TestOtherCountriesWithVaryingRates" name="test_south_africa_cars_varying_rates" time="1.368" /><testcase classname="backend.tests.test_rate_warning_sub_positions.TestEdgeCases" name="test_product_without_sub_positions_data" time="1.435" /><testcase classname="backend.tests.test_rate_warning_sub_positions.TestEdgeCases" name="test_specific_sub_position_code" time="1.756" /></testsuite></testsuites>