<?xml version="1.0" encoding="utf-8"?><testsuites name="pytest tests"><testsuite name="pytest" errors="0" failures="0" skipped="0" tests="23" time="36.723" timestamp="2026-02-04T11:57:10.558888+00:00" hostname="agent-env-1f550869-7e85-49d3-8551-a3d4eb2f1a87"><testcase classname="tests.test_redis_cache_features.TestRedisCacheStats" name="test_cache_stats_endpoint_returns_200" time="1.951" /><testcase classname="tests.test_redis_cache_features.TestRedisCacheStats" name="test_cache_stats_returns_connected_status" time="0.039" /><testcase classname="tests.test_redis_cache_features.TestRedisCacheStats" name="test_cache_stats_contains_required_fields" time="0.042" /><testcase classname="tests.test_redis_cache_features.TestHS6Statistics" name="test_hs6_statistics_endpoint_returns_200" time="0.037" /><testcase classname="tests.test_redis_cache_features.TestHS6Statistics" name="test_hs6_statistics_contains_base_data" time="0.043" /><testcase classname="tests.test_redis_cache_features.TestHS6Statistics" name="test_hs6_statistics_contains_national_sub_positions" time="0.041" /><testcase classname="tests.test_redis_cache_features.TestRulesOfOriginStats" name="test_rules_of_origin_stats_returns_200" time="0.040" /><testcase classname="tests.test_redis_cache_features.TestRulesOfOriginStats" name="test_rules_of_origin_stats_contains_chapters" time="0.033" /><testcase classname="tests.test_redis_cache_features.TestRulesOfOriginStats" name="test_rules_of_origin_stats_contains_source" time="0.037" /><testcase classname="tests.test_redis_cache_features.TestSubstitutionCountries" name="test_substitution_countries_returns_200" time="0.038" /><testcase classname="tests.test_redis_cache_features.TestSubstitutionCountries" name="test_substitution_countries_returns_55_countries" time="0.038" /><testcase classname="tests.test_redis_cache_features.TestSubstitutionCountries" name="test_substitution_countries_contains_trade_data_info" time="0.035" /><testcase classname="tests.test_redis_cache_features.TestSubstitutionCountries" name="test_substitution_countries_with_trade_data_count" time="0.038" /><testcase classname="tests.test_redis_cache_features.TestSubstitutionAnalysis" name="test_import_substitution_for_kenya" time="0.047" /><testcase classname="tests.test_redis_cache_features.TestSubstitutionAnalysis" name="test_export_substitution_for_kenya" time="0.039" /><testcase classname="tests.test_redis_cache_features.TestSubstitutionAnalysis" name="test_substitution_summary_contains_required_fields" time="0.035" /><testcase classname="tests.test_redis_cache_features.TestAISummary" name="test_ai_summary_returns_200" time="4.900" /><testcase classname="tests.test_redis_cache_features.TestAISummary" name="test_ai_summary_contains_overview" time="4.914" /><testcase classname="tests.test_redis_cache_features.TestAISummary" name="test_ai_summary_contains_5387_opportunities" time="4.756" /><testcase classname="tests.test_redis_cache_features.TestAISummary" name="test_ai_summary_contains_1650_billion_trade" time="4.815" /><testcase classname="tests.test_redis_cache_features.TestAISummary" name="test_ai_summary_contains_top_countries" time="4.879" /><testcase classname="tests.test_redis_cache_features.TestAISummary" name="test_ai_summary_contains_top_sectors" time="4.748" /><testcase classname="tests.test_redis_cache_features.TestDataFreshness" name="test_ai_summary_contains_generation_date" time="5.107" /></testsuite></testsuites>