<?xml version="1.0" encoding="utf-8"?><testsuites name="pytest tests"><testsuite name="pytest" errors="0" failures="0" skipped="0" tests="16" time="30.494" timestamp="2026-03-01T02:27:50.665540+00:00" hostname="agent-env-09173eda-1143-4af1-abf9-62966fdb2821"><testcase classname="tests.test_regulatory_engine.TestRegulatoryEngineCountries" name="test_get_countries_returns_success" time="28.328" /><testcase classname="tests.test_regulatory_engine.TestRegulatoryEngineCountries" name="test_get_countries_contains_dza" time="0.203" /><testcase classname="tests.test_regulatory_engine.TestRegulatoryEngineCountries" name="test_get_countries_has_total" time="0.148" /><testcase classname="tests.test_regulatory_engine.TestRegulatoryEngineDetails" name="test_details_with_national_code" time="0.120" /><testcase classname="tests.test_regulatory_engine.TestRegulatoryEngineDetails" name="test_details_commodity_info" time="0.113" /><testcase classname="tests.test_regulatory_engine.TestRegulatoryEngineDetails" name="test_details_measures_structure" time="0.242" /><testcase classname="tests.test_regulatory_engine.TestRegulatoryEngineDetails" name="test_details_measures_have_npf_and_zlecaf_rates" time="0.106" /><testcase classname="tests.test_regulatory_engine.TestRegulatoryEngineDetails" name="test_details_requirements" time="0.119" /><testcase classname="tests.test_regulatory_engine.TestRegulatoryEngineDetails" name="test_details_fiscal_advantages" time="0.109" /><testcase classname="tests.test_regulatory_engine.TestRegulatoryEngineDetails" name="test_details_totals_and_savings" time="0.125" /><testcase classname="tests.test_regulatory_engine.TestRegulatoryEngineDetails" name="test_details_processing_time" time="0.111" /><testcase classname="tests.test_regulatory_engine.TestRegulatoryEngineHS6Search" name="test_details_with_hs6_code" time="0.104" /><testcase classname="tests.test_regulatory_engine.TestRegulatoryEngineHS6Search" name="test_get_all_sub_positions" time="0.114" /><testcase classname="tests.test_regulatory_engine.TestRegulatoryEngineErrorHandling" name="test_invalid_country" time="0.135" /><testcase classname="tests.test_regulatory_engine.TestRegulatoryEngineErrorHandling" name="test_invalid_code" time="0.142" /><testcase classname="tests.test_regulatory_engine.TestRegulatoryEngineSummary" name="test_country_summary" time="0.131" /></testsuite></testsuites>