<?xml version="1.0" encoding="utf-8"?><testsuites name="pytest tests"><testsuite name="pytest" errors="0" failures="0" skipped="0" tests="34" time="25.322" timestamp="2026-01-27T21:13:06.302500+00:00" hostname="agent-env-15a3be80-be04-4105-bf44-bb869a0578de"><testcase classname="backend.tests.test_rules_of_origin.TestRulesOfOriginStats" name="test_stats_endpoint_returns_200" time="0.099" /><testcase classname="backend.tests.test_rules_of_origin.TestRulesOfOriginStats" name="test_stats_contains_required_fields" time="0.042" /><testcase classname="backend.tests.test_rules_of_origin.TestRulesOfOriginStats" name="test_stats_has_heading_rules" time="0.041" /><testcase classname="backend.tests.test_rules_of_origin.TestRulesOfOriginStats" name="test_stats_source_is_afcfta" time="0.042" /><testcase classname="backend.tests.test_rules_of_origin.TestRulesOfOriginWheat" name="test_wheat_returns_200" time="0.037" /><testcase classname="backend.tests.test_rules_of_origin.TestRulesOfOriginWheat" name="test_wheat_rule_is_wo" time="0.039" /><testcase classname="backend.tests.test_rules_of_origin.TestRulesOfOriginWheat" name="test_wheat_rule_name_contains_wholly_obtained" time="0.038" /><testcase classname="backend.tests.test_rules_of_origin.TestRulesOfOriginCoffee" name="test_coffee_returns_200" time="0.037" /><testcase classname="backend.tests.test_rules_of_origin.TestRulesOfOriginCoffee" name="test_coffee_rule_is_wo" time="0.034" /><testcase classname="backend.tests.test_rules_of_origin.TestRulesOfOriginCoffee" name="test_coffee_chapter_is_09" time="0.035" /><testcase classname="backend.tests.test_rules_of_origin.TestRulesOfOriginMachines" name="test_machines_returns_200" time="0.036" /><testcase classname="backend.tests.test_rules_of_origin.TestRulesOfOriginMachines" name="test_machines_rule_is_cth_or_va60" time="0.035" /><testcase classname="backend.tests.test_rules_of_origin.TestRulesOfOriginMachines" name="test_machines_chapter_is_85" time="0.037" /><testcase classname="backend.tests.test_rules_of_origin.TestRulesOfOriginClothing" name="test_clothing_returns_200" time="0.042" /><testcase classname="backend.tests.test_rules_of_origin.TestRulesOfOriginClothing" name="test_clothing_rule_is_yarn" time="0.036" /><testcase classname="backend.tests.test_rules_of_origin.TestRulesOfOriginClothing" name="test_clothing_chapter_is_62" time="0.040" /><testcase classname="backend.tests.test_rules_of_origin.TestRulesOfOriginVehicles" name="test_vehicles_returns_200" time="0.040" /><testcase classname="backend.tests.test_rules_of_origin.TestRulesOfOriginVehicles" name="test_vehicles_rule_is_ytb_or_va60" time="0.036" /><testcase classname="backend.tests.test_rules_of_origin.TestRulesOfOriginVehicles" name="test_vehicles_chapter_is_87" time="0.038" /><testcase classname="backend.tests.test_rules_of_origin.TestRulesOfOriginNotGeneric" name="test_wheat_not_generic_35_percent" time="0.035" /><testcase classname="backend.tests.test_rules_of_origin.TestRulesOfOriginNotGeneric" name="test_coffee_not_generic_35_percent" time="0.032" /><testcase classname="backend.tests.test_rules_of_origin.TestRulesOfOriginNotGeneric" name="test_clothing_not_generic_35_percent" time="0.042" /><testcase classname="backend.tests.test_rules_of_origin.TestRulesOfOriginResponseStructure" name="test_response_has_hs_code" time="0.034" /><testcase classname="backend.tests.test_rules_of_origin.TestRulesOfOriginResponseStructure" name="test_response_has_rules_object" time="0.034" /><testcase classname="backend.tests.test_rules_of_origin.TestRulesOfOriginResponseStructure" name="test_response_has_status" time="0.079" /><testcase classname="backend.tests.test_rules_of_origin.TestRulesOfOriginResponseStructure" name="test_response_has_source" time="0.037" /><testcase classname="backend.tests.test_rules_of_origin.TestRulesOfOriginLanguage" name="test_french_language" time="0.033" /><testcase classname="backend.tests.test_rules_of_origin.TestRulesOfOriginLanguage" name="test_english_language" time="0.034" /><testcase classname="backend.tests.test_rules_of_origin.TestCalculateTariffIncludesRulesOfOrigin" name="test_calculate_tariff_returns_rules_of_origin" time="16.632" /><testcase classname="backend.tests.test_rules_of_origin.TestCalculateTariffIncludesRulesOfOrigin" name="test_calculate_tariff_coffee_has_wo_rule" time="3.912" /><testcase classname="backend.tests.test_rules_of_origin.TestCalculateTariffIncludesRulesOfOrigin" name="test_calculate_tariff_clothing_has_yarn_rule" time="3.395" /><testcase classname="backend.tests.test_rules_of_origin.TestRulesOfOriginEdgeCases" name="test_invalid_hs_code_returns_404" time="0.064" /><testcase classname="backend.tests.test_rules_of_origin.TestRulesOfOriginEdgeCases" name="test_short_hs_code" time="0.036" /><testcase classname="backend.tests.test_rules_of_origin.TestRulesOfOriginEdgeCases" name="test_long_hs_code" time="0.045" /></testsuite></testsuites>