<?xml version="1.0" encoding="utf-8"?><testsuites name="pytest tests"><testsuite name="pytest" errors="0" failures="0" skipped="0" tests="8" time="1.301" timestamp="2026-02-22T22:43:58.783991+00:00" hostname="agent-env-d3c661d8-e3ac-4c21-ae29-3886610e11fb"><testcase classname="tests.test_smart_search_chapters.TestSmartSearchChapters" name="test_chapter_70_search_with_senegal" time="0.337" /><testcase classname="tests.test_smart_search_chapters.TestSmartSearchChapters" name="test_chapter_71_search_with_senegal" time="0.122" /><testcase classname="tests.test_smart_search_chapters.TestSmartSearchChapters" name="test_chapter_info_in_response" time="0.118" /><testcase classname="tests.test_smart_search_chapters.TestSmartSearchChapters" name="test_sub_positions_have_dd_rates" time="0.121" /><testcase classname="tests.test_smart_search_chapters.TestSmartSearchChapters" name="test_text_search_verre" time="0.106" /><testcase classname="tests.test_smart_search_chapters.TestSmartSearchChapters" name="test_search_without_country_code" time="0.126" /><testcase classname="tests.test_smart_search_chapters.TestDarkThemeStyling" name="test_response_has_chapter_name_for_header" time="0.200" /><testcase classname="tests.test_smart_search_chapters.TestDarkThemeStyling" name="test_sub_position_digits_info" time="0.110" /></testsuite></testsuites>